pie
burgers 
pizza
pie
tacos
spaghetti
rice
cake
broccoli
cake
cereal
salad
avocados
burgers
pie
rice
burgers
tacos
pie
avocados
rice
burgers
pie
tacos
rice
burgers
avocados
pie
rice
tacos
burgers
pie
burgers
broccoli
avocados
pie
tacos
broccoli
burgers
avocados
pizza
burgers
rice
pizza
broccoli
avocados
salad
tacos
burgers
rice
salad
rice
broccoli
salad
bananas
pizza
rice
spaghetti
bananas
pizza
salad
spaghetti
rice
fish
bananas
pizza
fish
salad
spaghetti
bananas
fish
strawberries
rice
pizza
salad
bananas
watermelon
strawberries
spaghetti
fish
cereal
cake
strawberries
cereal
watermelon
